#
# There is insufficient memory for the Java Runtime Environment to continue.
# Native memory allocation (malloc) failed to allocate 1048576 bytes. Error detail: AllocateHeap
# Possible reasons:
#   The system is out of physical RAM or swap space
#   This process is running with CompressedOops enabled, and the Java Heap may be blocking the growth of the native heap
# Possible solutions:
#   Reduce memory load on the system
#   Increase physical memory or swap space
#   Check if swap backing store is full
#   Decrease Java heap size (-Xmx/-Xms)
#   Decrease number of Java threads
#   Decrease Java thread stack sizes (-Xss)
#   Set larger code cache with -XX:ReservedCodeCacheSize=
#   JVM is running with Unscaled Compressed Oops mode in which the Java heap is
#     placed in the first 4GB address space. The Java Heap base address is the
#     maximum limit for the native heap growth. Please use -XX:HeapBaseMinAddress
#     to set the Java Heap base and to place the Java Heap above 4GB virtual address.
# This output file may be truncated or incomplete.
#
#  Out of Memory Error (allocation.cpp:44), pid=82128, tid=50448
#
# JRE version:  (21.0.9+10) (build )
# Java VM: OpenJDK 64-Bit Server VM (21.0.9+10-LTS, mixed mode, sharing, tiered, compressed oops, compressed class ptrs, parallel gc, windows-amd64)
# No core dump will be written. Minidumps are not enabled by default on client versions of Windows
#

---------------  S U M M A R Y ------------

Command Line: --add-modules=ALL-SYSTEM --add-opens=java.base/java.util=ALL-UNNAMED --add-opens=java.base/java.lang=ALL-UNNAMED --add-opens=java.base/sun.nio.fs=ALL-UNNAMED -Declipse.application=org.eclipse.jdt.ls.core.id1 -Dosgi.bundles.defaultStartLevel=4 -Declipse.product=org.eclipse.jdt.ls.core.product -Djava.import.generatesMetadataFilesAtProjectRoot=false -DDetectVMInstallationsJob.disabled=true -Dfile.encoding=utf8 -XX:+UseParallelGC -XX:GCTimeRatio=4 -XX:AdaptiveSizePolicyWeight=90 -Dsun.zip.disableMemoryMapping=true -Xmx2G -Xms100m -Xlog:disable -javaagent:c:\Users\praja\.vscode\extensions\redhat.java-1.52.0-win32-x64\lombok\lombok-1.18.39-4050.jar -XX:+HeapDumpOnOutOfMemoryError -XX:HeapDumpPath=c:\Users\praja\AppData\Roaming\Code\User\workspaceStorage\07bb1f528bec2156efd51386dacc5d8e\redhat.java -Daether.dependencyCollector.impl=bf c:\Users\praja\.vscode\extensions\redhat.java-1.52.0-win32-x64\server\plugins\org.eclipse.equinox.launcher_1.7.100.v20251111-0406.jar -configuration c:\Users\praja\AppData\Roaming\Code\User\globalStorage\redhat.java\1.52.0\config_win -data c:\Users\praja\AppData\Roaming\Code\User\workspaceStorage\07bb1f528bec2156efd51386dacc5d8e\redhat.java\jdt_ws --pipe=\\.\pipe\lsp-7de4afe4774fcd7adaeef458b0022dbf-sock

Host: Intel(R) Core(TM) Ultra 7 155H, 22 cores, 15G,  Windows 11 , 64 bit Build 26100 (10.0.26100.7705)
Time: Sat Feb 21 21:14:56 2026 Mountain Standard Time elapsed time: 3.070487 seconds (0d 0h 0m 3s)

---------------  T H R E A D  ---------------

Current thread (0x000001ff787b50c0):  JavaThread "Unknown thread" [_thread_in_vm, id=50448, stack(0x000000d231900000,0x000000d231a00000) (1024K)]

Stack: [0x000000d231900000,0x000000d231a00000]
Native frames: (J=compiled Java code, j=interpreted, Vv=VM code, C=native code)
V  [jvm.dll+0x6d6e29]
V  [jvm.dll+0x8b4b76]
V  [jvm.dll+0x8b712e]
V  [jvm.dll+0x8b7813]
V  [jvm.dll+0x283d86]
V  [jvm.dll+0xc1277]
V  [jvm.dll+0x71457d]
V  [jvm.dll+0x714c3c]
V  [jvm.dll+0x6e59c8]
V  [jvm.dll+0x87e58c]
V  [jvm.dll+0x3c42fc]
V  [jvm.dll+0x86727b]
V  [jvm.dll+0x457391]
V  [jvm.dll+0x458f81]
C  [jli.dll+0x52d0]
C  [ucrtbase.dll+0x37b0]
C  [KERNEL32.DLL+0x2e8d7]
C  [ntdll.dll+0x8c40c]


---------------  P R O C E S S  ---------------

Threads class SMR info:
_java_thread_list=0x000001ff7ac9a480, length=1, elements={
0x000001ff787b50c0
}

Java Threads: ( => current thread )
=>0x000001ff787b50c0 JavaThread "Unknown thread"             [_thread_in_vm, id=50448, stack(0x000000d231900000,0x000000d231a00000) (1024K)]
Total: 1

Other Threads:
  0x000001ff7e5fca00 WatcherThread "VM Periodic Task Thread"        [id=91324, stack(0x000000d231b00000,0x000000d231c00000) (1024K)]
  0x000001ff7ac96640 WorkerThread "GC Thread#0"                     [id=90960, stack(0x000000d231a00000,0x000000d231b00000) (1024K)]
Total: 2

Threads with active compile tasks:
Total: 0

VM state: not at safepoint (normal execution)

VM Mutex/Monitor currently owned by a thread: None

Heap address: 0x0000000080000000, size: 2048 MB, Compressed Oops mode: 32-bit

CDS archive(s) mapped at: [0x000001ff13000000-0x000001ff13ba0000-0x000001ff13ba0000), size 12189696, SharedBaseAddress: 0x000001ff13000000, ArchiveRelocationMode: 1.
Compressed class space mapped at: 0x000001ff14000000-0x000001ff54000000, reserved size: 1073741824
Narrow klass base: 0x000001ff13000000, Narrow klass shift: 0, Narrow klass range: 0x100000000

GC Precious Log:
 CardTable entry size: 512
 CPUs: 22 total, 22 available
 Memory: 15868M
 Large Page Support: Disabled
 NUMA Support: Disabled
 Compressed Oops: Enabled (32-bit)
 Alignments: Space 512K, Generation 512K, Heap 2M
 Heap Min Capacity: 100M
 Heap Initial Capacity: 100M
 Heap Max Capacity: 2G
 Pre-touch: Disabled
 Parallel Workers: 16

Heap:
 PSYoungGen      total 29696K, used 512K [0x00000000d5580000, 0x00000000d7680000, 0x0000000100000000)
  eden space 25600K, 2% used [0x00000000d5580000,0x00000000d5600020,0x00000000d6e80000)
  from space 4096K, 0% used [0x00000000d7280000,0x00000000d7280000,0x00000000d7680000)
  to   space 4096K, 0% used [0x00000000d6e80000,0x00000000d6e80000,0x00000000d7280000)
 ParOldGen       total 68608K, used 0K [0x0000000080000000, 0x0000000084300000, 0x00000000d5580000)
  object space 68608K, 0% used [0x0000000080000000,0x0000000080000000,0x0000000084300000)
 Metaspace       used 0K, committed 0K, reserved 1048576K
  class space    used 0K, committed 0K, reserved 1048576K

Card table byte_map: [0x000001ff7a610000,0x000001ff7aa20000] _byte_map_base: 0x000001ff7a210000

Marking Bits: (ParMarkBitMap*) 0x00007ff8574d2460
 Begin Bits: [0x000001ff0f000000, 0x000001ff11000000)
 End Bits:   [0x000001ff11000000, 0x000001ff13000000)

Polling page: 0x000001ff78a20000

Metaspace:

Usage:
  Non-class:      0 bytes used.
      Class:      0 bytes used.
       Both:      0 bytes used.

Virtual space:
  Non-class space:        0 bytes reserved,       0 bytes (  ?%) committed,  0 nodes.
      Class space:        1.00 GB reserved,       0 bytes (  0%) committed,  1 nodes.
             Both:        1.00 GB reserved,       0 bytes (  0%) committed. 

Chunk freelists:
   Non-Class:  0 bytes
       Class:  16.00 MB
        Both:  16.00 MB

MaxMetaspaceSize: unlimited
CompressedClassSpaceSize: 1.00 GB
Initial GC threshold: 21.00 MB
Current GC threshold: 17179869184.00 GB
CDS: on
 - commit_granule_bytes: 65536.
 - commit_granule_words: 8192.
 - virtual_space_node_default_size: 8388608.
 - enlarge_chunks_in_place: 1.
 - use_allocation_guard: 0.


Internal statistics:

num_allocs_failed_limit: 0.
num_arena_births: 0.
num_arena_deaths: 0.
num_vsnodes_births: 1.
num_vsnodes_deaths: 0.
num_space_committed: 0.
num_space_uncommitted: 0.
num_chunks_returned_to_freelist: 0.
num_chunks_taken_from_freelist: 1.
num_chunk_merges: 0.
num_chunk_splits: 1.
num_chunks_enlarged: 0.
num_inconsistent_stats: 0.

CodeHeap 'non-profiled nmethods': size=119168Kb used=0Kb max_used=0Kb free=119168Kb
 bounds [0x000001ff07ba0000, 0x000001ff07e10000, 0x000001ff0f000000]
CodeHeap 'profiled nmethods': size=119104Kb used=0Kb max_used=0Kb free=119104Kb
 bounds [0x000001ff00000000, 0x000001ff00270000, 0x000001ff07450000]
CodeHeap 'non-nmethods': size=7488Kb used=194Kb max_used=342Kb free=7293Kb
 bounds [0x000001ff07450000, 0x000001ff076c0000, 0x000001ff07ba0000]
CodeCache: size=245760Kb, used=194Kb, max_used=342Kb, free=245565Kb
 total_blobs=70, nmethods=0, adapters=48, full_count=0
Compilation: enabled, stopped_count=0, restarted_count=0

Compilation events (0 events):
No events

GC Heap History (0 events):
No events

Dll operation events (1 events):
Event: 0.012 Loaded shared library c:\Users\praja\.vscode\extensions\redhat.java-1.52.0-win32-x64\jre\21.0.9-win32-x86_64\bin\java.dll

Deoptimization events (0 events):
No events

Classes loaded (0 events):
No events

Classes unloaded (0 events):
No events

Classes redefined (0 events):
No events

Internal exceptions (0 events):
No events

ZGC Phase Switch (0 events):
No events

VM Operations (0 events):
No events

Memory protections (0 events):
No events

Nmethod flushes (0 events):
No events

Events (1 events):
Event: 1.042 Thread 0x000001ff787b50c0 Thread added: 0x000001ff787b50c0


Dynamic libraries:
0x00007ff6afac0000 - 0x00007ff6aface000 	c:\Users\praja\.vscode\extensions\redhat.java-1.52.0-win32-x64\jre\21.0.9-win32-x86_64\bin\java.exe
0x00007ff94c4a0000 - 0x00007ff94c708000 	C:\WINDOWS\SYSTEM32\ntdll.dll
0x00007ff94abc0000 - 0x00007ff94ac89000 	C:\WINDOWS\System32\KERNEL32.DLL
0x00007ff948fa0000 - 0x00007ff949391000 	C:\WINDOWS\System32\KERNELBASE.dll
0x00007ff946520000 - 0x00007ff9465be000 	C:\WINDOWS\SYSTEM32\apphelp.dll
0x00007ff949580000 - 0x00007ff9496cb000 	C:\WINDOWS\System32\ucrtbase.dll
0x00007ff91c910000 - 0x00007ff91c92e000 	c:\Users\praja\.vscode\extensions\redhat.java-1.52.0-win32-x64\jre\21.0.9-win32-x86_64\bin\VCRUNTIME140.dll
0x00007ff91c4f0000 - 0x00007ff91c508000 	c:\Users\praja\.vscode\extensions\redhat.java-1.52.0-win32-x64\jre\21.0.9-win32-x86_64\bin\jli.dll
0x00007ff94b950000 - 0x00007ff94bb16000 	C:\WINDOWS\System32\USER32.dll
0x00007ff92ffd0000 - 0x00007ff930263000 	C:\WINDOWS\WinSxS\amd64_microsoft.windows.common-controls_6595b64144ccf1df_6.0.26100.7824_none_3e0870b2e3345462\COMCTL32.dll
0x00007ff94b180000 - 0x00007ff94b229000 	C:\WINDOWS\System32\msvcrt.dll
0x00007ff948f70000 - 0x00007ff948f97000 	C:\WINDOWS\System32\win32u.dll
0x00007ff94a670000 - 0x00007ff94a69b000 	C:\WINDOWS\System32\GDI32.dll
0x00007ff9493a0000 - 0x00007ff9494cb000 	C:\WINDOWS\System32\gdi32full.dll
0x00007ff948d50000 - 0x00007ff948df3000 	C:\WINDOWS\System32\msvcp_win.dll
0x00007ff94a5a0000 - 0x00007ff94a5d1000 	C:\WINDOWS\System32\IMM32.DLL
0x00007ff933060000 - 0x00007ff93306c000 	c:\Users\praja\.vscode\extensions\redhat.java-1.52.0-win32-x64\jre\21.0.9-win32-x86_64\bin\vcruntime140_1.dll
0x00007ff907ff0000 - 0x00007ff90807d000 	c:\Users\praja\.vscode\extensions\redhat.java-1.52.0-win32-x64\jre\21.0.9-win32-x86_64\bin\msvcp140.dll
0x00007ff856810000 - 0x00007ff8575b0000 	c:\Users\praja\.vscode\extensions\redhat.java-1.52.0-win32-x64\jre\21.0.9-win32-x86_64\bin\server\jvm.dll
0x00007ff94bb40000 - 0x00007ff94bbf4000 	C:\WINDOWS\System32\ADVAPI32.dll
0x00007ff94a740000 - 0x00007ff94a7e6000 	C:\WINDOWS\System32\sechost.dll
0x00007ff94b7b0000 - 0x00007ff94b8c8000 	C:\WINDOWS\System32\RPCRT4.dll
0x00007ff94a7f0000 - 0x00007ff94a864000 	C:\WINDOWS\System32\WS2_32.dll
0x00007ff948bb0000 - 0x00007ff948c0e000 	C:\WINDOWS\SYSTEM32\POWRPROF.dll
0x00007ff935c40000 - 0x00007ff935c4b000 	C:\WINDOWS\SYSTEM32\VERSION.dll
0x00007ff9361a0000 - 0x00007ff9361d5000 	C:\WINDOWS\SYSTEM32\WINMM.dll
0x00007ff948b90000 - 0x00007ff948ba4000 	C:\WINDOWS\SYSTEM32\UMPDC.dll
0x00007ff947af0000 - 0x00007ff947b0b000 	C:\WINDOWS\SYSTEM32\kernel.appcore.dll
0x00007ff931650000 - 0x00007ff93165a000 	c:\Users\praja\.vscode\extensions\redhat.java-1.52.0-win32-x64\jre\21.0.9-win32-x86_64\bin\jimage.dll
0x00007ff934b00000 - 0x00007ff934d42000 	C:\WINDOWS\SYSTEM32\DBGHELP.DLL
0x00007ff94a210000 - 0x00007ff94a596000 	C:\WINDOWS\System32\combase.dll
0x00007ff94aae0000 - 0x00007ff94abb7000 	C:\WINDOWS\System32\OLEAUT32.dll
0x00007ff92d2f0000 - 0x00007ff92d32b000 	C:\WINDOWS\SYSTEM32\dbgcore.DLL
0x00007ff9494d0000 - 0x00007ff949575000 	C:\WINDOWS\System32\bcryptPrimitives.dll
0x00007ff933a60000 - 0x00007ff933a6f000 	c:\Users\praja\.vscode\extensions\redhat.java-1.52.0-win32-x64\jre\21.0.9-win32-x86_64\bin\instrument.dll
0x00007ff91c790000 - 0x00007ff91c7b0000 	c:\Users\praja\.vscode\extensions\redhat.java-1.52.0-win32-x64\jre\21.0.9-win32-x86_64\bin\java.dll

JVMTI agents:
c:\Users\praja\.vscode\extensions\redhat.java-1.52.0-win32-x64\lombok\lombok-1.18.39-4050.jar path:none, loaded, not initialized, instrumentlib options:none

dbghelp: loaded successfully - version: 4.0.5 - missing functions: none
symbol engine: initialized successfully - sym options: 0x614 - pdb path: .;c:\Users\praja\.vscode\extensions\redhat.java-1.52.0-win32-x64\jre\21.0.9-win32-x86_64\bin;C:\WINDOWS\SYSTEM32;C:\WINDOWS\WinSxS\amd64_microsoft.windows.common-controls_6595b64144ccf1df_6.0.26100.7824_none_3e0870b2e3345462;c:\Users\praja\.vscode\extensions\redhat.java-1.52.0-win32-x64\jre\21.0.9-win32-x86_64\bin\server

VM Arguments:
jvm_args: --add-modules=ALL-SYSTEM --add-opens=java.base/java.util=ALL-UNNAMED --add-opens=java.base/java.lang=ALL-UNNAMED --add-opens=java.base/sun.nio.fs=ALL-UNNAMED -Declipse.application=org.eclipse.jdt.ls.core.id1 -Dosgi.bundles.defaultStartLevel=4 -Declipse.product=org.eclipse.jdt.ls.core.product -Djava.import.generatesMetadataFilesAtProjectRoot=false -DDetectVMInstallationsJob.disabled=true -Dfile.encoding=utf8 -XX:+UseParallelGC -XX:GCTimeRatio=4 -XX:AdaptiveSizePolicyWeight=90 -Dsun.zip.disableMemoryMapping=true -Xmx2G -Xms100m -Xlog:disable -javaagent:c:\Users\praja\.vscode\extensions\redhat.java-1.52.0-win32-x64\lombok\lombok-1.18.39-4050.jar -XX:+HeapDumpOnOutOfMemoryError -XX:HeapDumpPath=c:\Users\praja\AppData\Roaming\Code\User\workspaceStorage\07bb1f528bec2156efd51386dacc5d8e\redhat.java -Daether.dependencyCollector.impl=bf 
java_command: c:\Users\praja\.vscode\extensions\redhat.java-1.52.0-win32-x64\server\plugins\org.eclipse.equinox.launcher_1.7.100.v20251111-0406.jar -configuration c:\Users\praja\AppData\Roaming\Code\User\globalStorage\redhat.java\1.52.0\config_win -data c:\Users\praja\AppData\Roaming\Code\User\workspaceStorage\07bb1f528bec2156efd51386dacc5d8e\redhat.java\jdt_ws --pipe=\\.\pipe\lsp-7de4afe4774fcd7adaeef458b0022dbf-sock
java_class_path (initial): c:\Users\praja\.vscode\extensions\redhat.java-1.52.0-win32-x64\server\plugins\org.eclipse.equinox.launcher_1.7.100.v20251111-0406.jar
Launcher Type: SUN_STANDARD

[Global flags]
    uintx AdaptiveSizePolicyWeight                 = 90                                        {product} {command line}
     intx CICompilerCount                          = 12                                        {product} {ergonomic}
    uintx GCTimeRatio                              = 4                                         {product} {command line}
     bool HeapDumpOnOutOfMemoryError               = true                                   {manageable} {command line}
    ccstr HeapDumpPath                             = c:\Users\praja\AppData\Roaming\Code\User\workspaceStorage\07bb1f528bec2156efd51386dacc5d8e\redhat.java         {manageable} {command line}
   size_t InitialHeapSize                          = 104857600                                 {product} {command line}
   size_t MaxHeapSize                              = 2147483648                                {product} {command line}
   size_t MaxNewSize                               = 715653120                                 {product} {ergonomic}
   size_t MinHeapDeltaBytes                        = 524288                                    {product} {ergonomic}
   size_t MinHeapSize                              = 104857600                                 {product} {command line}
   size_t NewSize                                  = 34603008                                  {product} {ergonomic}
    uintx NonNMethodCodeHeapSize                   = 7602480                                {pd product} {ergonomic}
    uintx NonProfiledCodeHeapSize                  = 122027880                              {pd product} {ergonomic}
   size_t OldSize                                  = 70254592                                  {product} {ergonomic}
    uintx ProfiledCodeHeapSize                     = 122027880                              {pd product} {ergonomic}
    uintx ReservedCodeCacheSize                    = 251658240                              {pd product} {ergonomic}
     bool SegmentedCodeCache                       = true                                      {product} {ergonomic}
   size_t SoftMaxHeapSize                          = 2147483648                             {manageable} {ergonomic}
     bool UseCompressedOops                        = true                           {product lp64_product} {ergonomic}
     bool UseLargePagesIndividualAllocation        = false                                  {pd product} {ergonomic}
     bool UseParallelGC                            = true                                      {product} {command line}

Logging:
Log output configuration:
 #0: stdout all=off uptime,level,tags foldmultilines=false
 #1: stderr all=off uptime,level,tags foldmultilines=false

Release file:
<release file has not been read>
Environment Variables:
JAVA_HOME=C:\Program Files\Eclipse Adoptium\jdk-17.0.15.6-hotspot\
PATH=C:\Program Files\Common Files\Oracle\Java\javapath;C:\Program Files\Eclipse Adoptium\jdk-17.0.15.6-hotspot\bin;C:\WINDOWS\system32;C:\WINDOWS;C:\WINDOWS\System32\Wbem;C:\WINDOWS\System32\WindowsPowerShell\v1.0\;C:\WINDOWS\System32\OpenSSH\;C:\Program Files\dotnet\;C:\Program Files\Git\cmd;C:\Program Files\GitHub CLI\;C:\Users\praja\AppData\Local\Programs\Python\Python313\Scripts\;C:\Users\praja\AppData\Local\Programs\Python\Python313\;C:\Users\praja\AppData\Local\Programs\Python\Launcher\;C:\Users\praja\AppData\Local\Microsoft\WindowsApps;C:\Users\praja\AppData\Local\Programs\Microsoft VS Code\bin;C:\sqlite-tools-win-x64-3500400;C:\Program Files\MongoDB\Server\8.2\bin;C:\Users\praja\AppData\Local\Programs\mongosh;C:\Users\praja\AppData\Local\Android\Sdk\platform-tools;C:\Users\praja\AppData\Local\Programs\cursor\resources\app\bin;C:\flutter\flutter\bin
USERNAME=praja
OS=Windows_NT
PROCESSOR_IDENTIFIER=Intel64 Family 6 Model 170 Stepping 4, GenuineIntel
TMP=C:\Users\praja\AppData\Local\Temp
TEMP=C:\Users\praja\AppData\Local\Temp




Periodic native trim disabled

---------------  S Y S T E M  ---------------

OS:
 Windows 11 , 64 bit Build 26100 (10.0.26100.7705)
OS uptime: 4 days 3:05 hours
Hyper-V role detected

CPU: total 22 (initial active 22) (11 cores per cpu, 2 threads per core) family 6 model 170 stepping 4 microcode 0x1c, cx8, cmov, fxsr, ht, mmx, 3dnowpref, sse, sse2, sse3, ssse3, sse4.1, sse4.2, popcnt, lzcnt, tsc, tscinvbit, avx, avx2, aes, erms, clmul, bmi1, bmi2, adx, sha, fma, vzeroupper, clflush, clflushopt, clwb, hv, serialize, rdtscp, rdpid, fsrm, f16c, cet_ibt, cet_ss
Processor Information for processor 0
  Max Mhz: 1400, Current Mhz: 1400, Mhz Limit: 1400
Processor Information for processor 1
  Max Mhz: 1400, Current Mhz: 1400, Mhz Limit: 1400
Processor Information for processor 2
  Max Mhz: 3800, Current Mhz: 900, Mhz Limit: 874
Processor Information for processor 3
  Max Mhz: 3800, Current Mhz: 900, Mhz Limit: 874
Processor Information for processor 4
  Max Mhz: 3800, Current Mhz: 900, Mhz Limit: 874
Processor Information for processor 5
  Max Mhz: 3800, Current Mhz: 900, Mhz Limit: 874
Processor Information for processor 6
  Max Mhz: 3800, Current Mhz: 900, Mhz Limit: 874
Processor Information for processor 7
  Max Mhz: 3800, Current Mhz: 900, Mhz Limit: 874
Processor Information for processor 8
  Max Mhz: 3800, Current Mhz: 900, Mhz Limit: 874
Processor Information for processor 9
  Max Mhz: 3800, Current Mhz: 900, Mhz Limit: 874
Processor Information for processor 10
  Max Mhz: 1400, Current Mhz: 1400, Mhz Limit: 1400
Processor Information for processor 11
  Max Mhz: 1400, Current Mhz: 1400, Mhz Limit: 1400
Processor Information for processor 12
  Max Mhz: 1400, Current Mhz: 1400, Mhz Limit: 1400
Processor Information for processor 13
  Max Mhz: 1400, Current Mhz: 1400, Mhz Limit: 1400
Processor Information for processor 14
  Max Mhz: 1400, Current Mhz: 1400, Mhz Limit: 1400
Processor Information for processor 15
  Max Mhz: 1400, Current Mhz: 1400, Mhz Limit: 1400
Processor Information for processor 16
  Max Mhz: 1400, Current Mhz: 1400, Mhz Limit: 1400
Processor Information for processor 17
  Max Mhz: 1400, Current Mhz: 1400, Mhz Limit: 1400
Processor Information for processor 18
  Max Mhz: 1400, Current Mhz: 1400, Mhz Limit: 1400
Processor Information for processor 19
  Max Mhz: 1400, Current Mhz: 1400, Mhz Limit: 1400
Processor Information for processor 20
  Max Mhz: 2500, Current Mhz: 700, Mhz Limit: 700
Processor Information for processor 21
  Max Mhz: 2500, Current Mhz: 700, Mhz Limit: 700

Memory: 4k page, system-wide physical 15868M (1427M free)
TotalPageFile size 65020M (AvailPageFile size 2M)
current process WorkingSet (physical memory assigned to process): 27M, peak: 27M
current process commit charge ("private bytes"): 230M, peak: 231M

vm_info: OpenJDK 64-Bit Server VM (21.0.9+10-LTS) for windows-amd64 JRE (21.0.9+10-LTS), built on 2025-10-21T00:00:00Z by "admin" with unknown MS VC++:1942

END.
